2025-07-04 00:43:45,542 - INFO - Loading field geometry...
2025-07-04 00:43:45,543 - INFO - Processing data in chunks...
2025-07-04 00:43:45,543 - INFO - Processing 2023-04-01 to 2023-04-16...
2025-07-04 00:43:47,530 - INFO - Processing 2023-04-16 to 2023-05-01...
2025-07-04 00:43:49,697 - INFO - Processing 2023-05-01 to 2023-05-16...
2025-07-04 00:43:51,935 - INFO - Processing 2023-05-16 to 2023-05-31...
2025-07-04 00:43:54,110 - INFO - Processing 2023-05-31 to 2023-06-15...
2025-07-04 00:43:55,726 - INFO - Processing 2023-06-15 to 2023-06-30...
2025-07-04 00:43:57,748 - INFO - Processing 2023-06-30 to 2023-07-15...
2025-07-04 00:43:58,798 - WARNING - No valid images found for period 2023-06-30 to 2023-07-15
2025-07-04 00:43:58,798 - INFO - Processing 2023-07-15 to 2023-07-30...
2025-07-04 00:44:01,093 - INFO - Processing 2023-07-30 to 2023-08-14...
2025-07-04 00:44:02,145 - WARNING - No valid images found for period 2023-07-30 to 2023-08-14
2025-07-04 00:44:02,145 - INFO - Processing 2023-08-14 to 2023-08-29...
2025-07-04 00:44:03,635 - INFO - Processing 2023-08-29 to 2023-09-13...
2025-07-04 00:44:05,851 - INFO - Processing 2023-09-13 to 2023-09-28...
2025-07-04 00:44:07,886 - INFO - Processing 2023-09-28 to 2023-09-30...
2025-07-04 00:44:08,424 - WARNING - No valid images found for period 2023-09-28 to 2023-09-30
2025-07-04 00:44:08,427 - INFO - Filling temporal gaps...
2025-07-04 00:44:08,451 - WARNING - Quality issue detected: Missing values detected in the data
2025-07-04 00:44:08,451 - WARNING - Quality issue detected: Unrealistic MCARI values detected
2025-07-04 00:44:09,530 - INFO - Analysis complete. Results saved to output
2025-07-04 00:44:09,531 - INFO - 
Analysis Summary:
2025-07-04 00:44:09,536 - INFO - 
                      date    MCARI_max   MCARI_mean    MCARI_min  MCARI_stdDev  cloud_cover
count                  174   174.000000   174.000000   174.000000    174.000000    20.000000
mean   2023-07-01 12:00:00   736.452122   502.400236   317.365862    114.829802    11.786842
min    2023-04-06 00:00:00    71.796250    -2.649238  -304.424914    -30.343008     0.002064
25%    2023-05-19 06:00:00   340.940472   225.564458   107.428916     39.748702     0.759286
50%    2023-07-01 12:00:00   823.836537   581.995893   227.618246    107.318866    10.246562
75%    2023-08-13 18:00:00  1094.503134   770.315311   567.962131    185.332746    23.512763
max    2023-09-26 00:00:00  1410.101706  1179.452296  1084.934937    294.845854    29.448107
std                    NaN   412.736474   319.194036   314.215440     93.334131    11.257520
2025-07-04 00:57:53,295 - INFO - Loading field geometry...
2025-07-04 00:57:53,297 - INFO - Processing data in chunks...
2025-07-04 00:57:53,297 - INFO - Processing 2023-04-01 to 2023-04-16...
2025-07-04 00:57:55,428 - INFO - Processing 2023-04-16 to 2023-05-01...
2025-07-04 00:57:56,811 - INFO - Processing 2023-05-01 to 2023-05-16...
2025-07-04 00:57:57,799 - INFO - Processing 2023-05-16 to 2023-05-31...
2025-07-04 00:57:59,317 - INFO - Processing 2023-05-31 to 2023-06-15...
2025-07-04 00:58:00,342 - INFO - Processing 2023-06-15 to 2023-06-30...
2025-07-04 00:58:01,973 - INFO - Processing 2023-06-30 to 2023-07-15...
2025-07-04 00:58:02,994 - WARNING - No valid images found for period 2023-06-30 to 2023-07-15
2025-07-04 00:58:02,995 - INFO - Processing 2023-07-15 to 2023-07-30...
2025-07-04 00:58:04,519 - INFO - Processing 2023-07-30 to 2023-08-14...
2025-07-04 00:58:05,462 - WARNING - No valid images found for period 2023-07-30 to 2023-08-14
2025-07-04 00:58:05,462 - INFO - Processing 2023-08-14 to 2023-08-29...
2025-07-04 00:58:07,501 - INFO - Processing 2023-08-29 to 2023-09-13...
2025-07-04 00:58:08,939 - INFO - Processing 2023-09-13 to 2023-09-28...
2025-07-04 00:58:10,541 - INFO - Processing 2023-09-28 to 2023-09-30...
2025-07-04 00:58:11,440 - WARNING - No valid images found for period 2023-09-28 to 2023-09-30
2025-07-04 00:58:11,445 - INFO - Filling temporal gaps...
2025-07-04 00:58:11,483 - WARNING - Quality issue detected: Missing values detected in the data
2025-07-04 00:58:11,993 - INFO - Analysis complete. Results saved to output
2025-07-04 00:58:11,994 - INFO - 
Analysis Summary:
2025-07-04 00:58:11,999 - INFO - 
                      date   MCARI_max  MCARI_mean   MCARI_min  MCARI_stdDev  cloud_cover
count                  174  174.000000  174.000000  174.000000    174.000000    20.000000
mean   2023-07-01 12:00:00    0.073645    0.050240    0.031737      0.011483    11.786842
min    2023-04-06 00:00:00    0.007180   -0.000265   -0.030442     -0.003034     0.002064
25%    2023-05-19 06:00:00    0.034094    0.022556    0.010743      0.003975     0.759286
50%    2023-07-01 12:00:00    0.082384    0.058200    0.022762      0.010732    10.246562
75%    2023-08-13 18:00:00    0.109450    0.077032    0.056796      0.018533    23.512763
max    2023-09-26 00:00:00    0.141010    0.117945    0.108493      0.029485    29.448107
std                    NaN    0.041274    0.031919    0.031422      0.009333    11.257520
