2025-07-03 01:35:06,990 - INFO - Loading field geometry...
2025-07-03 01:35:06,991 - INFO - Processing data in chunks...
2025-07-03 01:35:06,992 - INFO - Processing 2023-04-01 to 2023-04-16...
2025-07-03 01:35:07,868 - INFO - Processing 2023-04-16 to 2023-05-01...
2025-07-03 01:35:09,611 - INFO - Processing 2023-05-01 to 2023-05-16...
2025-07-03 01:35:10,685 - WARNING - No valid images found for period 2023-05-01 to 2023-05-16
2025-07-03 01:35:10,686 - INFO - Processing 2023-05-16 to 2023-05-31...
2025-07-03 01:35:16,931 - INFO - Processing 2023-05-31 to 2023-06-15...
2025-07-03 01:35:18,459 - INFO - Processing 2023-06-15 to 2023-06-30...
2025-07-03 01:35:20,517 - INFO - Processing 2023-06-30 to 2023-07-15...
2025-07-03 01:35:21,859 - INFO - Processing 2023-07-15 to 2023-07-30...
2025-07-03 01:35:22,529 - WARNING - No valid images found for period 2023-07-15 to 2023-07-30
2025-07-03 01:35:22,529 - INFO - Processing 2023-07-30 to 2023-08-14...
2025-07-03 01:35:23,832 - WARNING - No valid images found for period 2023-07-30 to 2023-08-14
2025-07-03 01:35:23,832 - INFO - Processing 2023-08-14 to 2023-08-29...
2025-07-03 01:35:27,632 - INFO - Processing 2023-08-29 to 2023-09-13...
2025-07-03 01:35:28,552 - INFO - Processing 2023-09-13 to 2023-09-28...
2025-07-03 01:35:30,425 - INFO - Processing 2023-09-28 to 2023-09-30...
2025-07-03 01:35:31,457 - INFO - Filling temporal gaps...
2025-07-03 01:35:31,484 - WARNING - Quality issue detected: Missing values detected in the data
2025-07-03 01:35:31,484 - WARNING - Quality issue detected: Large temporal gaps detected (>30 days)
2025-07-03 01:35:32,534 - INFO - Analysis complete. Results saved to output
2025-07-03 01:35:32,534 - INFO - 
Analysis Summary:
2025-07-03 01:35:32,540 - INFO - 
                                date    SAVI_max   SAVI_mean    SAVI_min  SAVI_stdDev  cloud_cover
count                            101  101.000000  101.000000  101.000000   101.000000    18.000000
mean   2023-07-10 06:10:41.584158464    1.220439    0.745386    0.256315     0.331107     9.070270
min              2023-04-06 00:00:00    1.135581    0.243595    0.187523     0.266045     0.001929
25%              2023-06-04 00:00:00    1.169466    0.743698    0.226037     0.312695     0.613511
50%              2023-06-29 00:00:00    1.197118    0.775926    0.250032     0.330170     4.288186
75%              2023-09-03 00:00:00    1.271666    0.870502    0.273251     0.352006    16.530615
max              2023-09-28 00:00:00    1.334828    0.929192    0.361926     0.378182    28.123298
std                              NaN    0.057990    0.164724    0.041206     0.025740     9.751727
2025-07-03 02:11:27,803 - INFO - Loading field geometry...
2025-07-03 02:11:27,806 - INFO - Processing data in chunks...
2025-07-03 02:11:27,806 - INFO - Processing 2023-04-01 to 2023-04-16...
2025-07-03 02:11:29,685 - INFO - Processing 2023-04-16 to 2023-05-01...
2025-07-03 02:11:31,106 - INFO - Processing 2023-05-01 to 2023-05-16...
2025-07-03 02:11:31,543 - WARNING - No valid images found for period 2023-05-01 to 2023-05-16
2025-07-03 02:11:31,544 - INFO - Processing 2023-05-16 to 2023-05-31...
2025-07-03 02:11:37,621 - INFO - Processing 2023-05-31 to 2023-06-15...
2025-07-03 02:11:39,614 - INFO - Processing 2023-06-15 to 2023-06-30...
2025-07-03 02:11:40,546 - INFO - Processing 2023-06-30 to 2023-07-15...
2025-07-03 02:11:42,082 - INFO - Processing 2023-07-15 to 2023-07-30...
2025-07-03 02:11:42,410 - WARNING - No valid images found for period 2023-07-15 to 2023-07-30
2025-07-03 02:11:42,411 - INFO - Processing 2023-07-30 to 2023-08-14...
2025-07-03 02:11:43,347 - WARNING - No valid images found for period 2023-07-30 to 2023-08-14
2025-07-03 02:11:43,348 - INFO - Processing 2023-08-14 to 2023-08-29...
2025-07-03 02:11:44,176 - INFO - Processing 2023-08-29 to 2023-09-13...
2025-07-03 02:11:45,572 - INFO - Processing 2023-09-13 to 2023-09-28...
2025-07-03 02:11:46,964 - INFO - Processing 2023-09-28 to 2023-09-30...
2025-07-03 02:11:48,834 - INFO - Filling temporal gaps...
2025-07-03 02:11:48,876 - WARNING - Quality issue detected: Missing values detected in the data
2025-07-03 02:11:48,876 - WARNING - Quality issue detected: Large temporal gaps detected (>30 days)
2025-07-03 02:11:49,426 - INFO - Analysis complete. Results saved to output
2025-07-03 02:11:49,426 - INFO - 
Analysis Summary:
2025-07-03 02:11:49,433 - INFO - 
                                date    SAVI_max   SAVI_mean    SAVI_min  SAVI_stdDev  cloud_cover
count                            101  101.000000  101.000000  101.000000   101.000000    18.000000
mean   2023-07-10 06:10:41.584158464    1.220439    0.745386    0.256315     0.331107     9.070270
min              2023-04-06 00:00:00    1.135581    0.243595    0.187523     0.266045     0.001929
25%              2023-06-04 00:00:00    1.169466    0.743698    0.226037     0.312695     0.613511
50%              2023-06-29 00:00:00    1.197118    0.775926    0.250032     0.330170     4.288186
75%              2023-09-03 00:00:00    1.271666    0.870502    0.273251     0.352006    16.530615
max              2023-09-28 00:00:00    1.334828    0.929192    0.361926     0.378182    28.123298
std                              NaN    0.057990    0.164724    0.041206     0.025740     9.751727
2025-07-03 02:18:32,831 - INFO - Loading field geometry...
2025-07-03 02:18:32,833 - INFO - Processing data in chunks...
2025-07-03 02:18:32,833 - INFO - Processing 2023-04-01 to 2023-04-16...
2025-07-03 02:18:34,284 - INFO - Processing 2023-04-16 to 2023-05-01...
2025-07-03 02:18:35,650 - INFO - Processing 2023-05-01 to 2023-05-16...
2025-07-03 02:18:36,608 - WARNING - No valid images found for period 2023-05-01 to 2023-05-16
2025-07-03 02:18:36,609 - INFO - Processing 2023-05-16 to 2023-05-31...
2025-07-03 02:18:38,040 - INFO - Processing 2023-05-31 to 2023-06-15...
2025-07-03 02:18:39,652 - INFO - Processing 2023-06-15 to 2023-06-30...
2025-07-03 02:18:40,641 - INFO - Processing 2023-06-30 to 2023-07-15...
2025-07-03 02:18:42,088 - INFO - Processing 2023-07-15 to 2023-07-30...
2025-07-03 02:18:42,990 - WARNING - No valid images found for period 2023-07-15 to 2023-07-30
2025-07-03 02:18:42,991 - INFO - Processing 2023-07-30 to 2023-08-14...
2025-07-03 02:18:44,030 - WARNING - No valid images found for period 2023-07-30 to 2023-08-14
2025-07-03 02:18:44,031 - INFO - Processing 2023-08-14 to 2023-08-29...
2025-07-03 02:18:46,230 - INFO - Processing 2023-08-29 to 2023-09-13...
2025-07-03 02:18:48,208 - INFO - Processing 2023-09-13 to 2023-09-28...
2025-07-03 02:18:49,770 - INFO - Processing 2023-09-28 to 2023-09-30...
2025-07-03 02:18:52,003 - INFO - Filling temporal gaps...
2025-07-03 02:18:52,041 - WARNING - Quality issue detected: Large temporal gaps detected (>30 days)
2025-07-03 02:18:52,041 - WARNING - Quality issue detected: Potential outliers detected (1 points)
2025-07-03 02:18:52,324 - ERROR - Analysis failed: Object of type int64 is not JSON serializable
2025-07-03 02:19:13,297 - INFO - Loading field geometry...
2025-07-03 02:19:13,299 - INFO - Processing data in chunks...
2025-07-03 02:19:13,299 - INFO - Processing 2023-04-01 to 2023-04-16...
2025-07-03 02:19:15,468 - INFO - Processing 2023-04-16 to 2023-05-01...
2025-07-03 02:19:17,530 - INFO - Processing 2023-05-01 to 2023-05-16...
2025-07-03 02:19:18,406 - WARNING - No valid images found for period 2023-05-01 to 2023-05-16
2025-07-03 02:19:18,407 - INFO - Processing 2023-05-16 to 2023-05-31...
2025-07-03 02:19:20,432 - INFO - Processing 2023-05-31 to 2023-06-15...
2025-07-03 02:19:22,253 - INFO - Processing 2023-06-15 to 2023-06-30...
2025-07-03 02:19:23,113 - INFO - Processing 2023-06-30 to 2023-07-15...
2025-07-03 02:19:25,250 - INFO - Processing 2023-07-15 to 2023-07-30...
2025-07-03 02:19:26,189 - WARNING - No valid images found for period 2023-07-15 to 2023-07-30
2025-07-03 02:19:26,190 - INFO - Processing 2023-07-30 to 2023-08-14...
2025-07-03 02:19:27,251 - WARNING - No valid images found for period 2023-07-30 to 2023-08-14
2025-07-03 02:19:27,252 - INFO - Processing 2023-08-14 to 2023-08-29...
2025-07-03 02:19:29,160 - INFO - Processing 2023-08-29 to 2023-09-13...
2025-07-03 02:19:31,048 - INFO - Processing 2023-09-13 to 2023-09-28...
2025-07-03 02:19:40,047 - INFO - Processing 2023-09-28 to 2023-09-30...
2025-07-03 02:19:42,002 - INFO - Filling temporal gaps...
2025-07-03 02:19:42,036 - WARNING - Quality issue detected: Large temporal gaps detected (>30 days)
2025-07-03 02:19:42,036 - WARNING - Quality issue detected: Potential outliers detected (1 points)
2025-07-03 02:19:42,333 - INFO - Analysis complete. Results saved to output
2025-07-03 02:19:42,333 - INFO - 
Analysis Summary:
2025-07-03 02:19:42,340 - INFO - 
                                 date    SAVI_max   SAVI_mean  ...  SAVI_stdDev  cloud_cover  is_interpolated
count                             101  101.000000  101.000000  ...   101.000000    18.000000              101
unique                            NaN         NaN         NaN  ...          NaN          NaN                2
top                               NaN         NaN         NaN  ...          NaN          NaN             True
freq                              NaN         NaN         NaN  ...          NaN          NaN               83
mean    2023-07-10 06:10:41.584158464    1.220439    0.745386  ...     0.331107     9.070270              NaN
min               2023-04-06 00:00:00    1.135581    0.243595  ...     0.266045     0.001929              NaN
25%               2023-06-04 00:00:00    1.169466    0.743698  ...     0.312695     0.613511              NaN
50%               2023-06-29 00:00:00    1.197118    0.775926  ...     0.330170     4.288186              NaN
75%               2023-09-03 00:00:00    1.271666    0.870502  ...     0.352006    16.530615              NaN
max               2023-09-28 00:00:00    1.334828    0.929192  ...     0.378182    28.123298              NaN
std                               NaN    0.057990    0.164724  ...     0.025740     9.751727              NaN

[11 rows x 7 columns]
2025-07-03 02:21:45,261 - INFO - Loading field geometry...
2025-07-03 02:21:45,264 - INFO - Processing data in chunks...
2025-07-03 02:21:45,264 - INFO - Processing 2023-04-01 to 2023-04-16...
2025-07-03 02:21:47,146 - INFO - Processing 2023-04-16 to 2023-05-01...
2025-07-03 02:21:49,172 - INFO - Processing 2023-05-01 to 2023-05-16...
2025-07-03 02:21:50,090 - WARNING - No valid images found for period 2023-05-01 to 2023-05-16
2025-07-03 02:21:50,091 - INFO - Processing 2023-05-16 to 2023-05-31...
2025-07-03 02:21:52,025 - INFO - Processing 2023-05-31 to 2023-06-15...
2025-07-03 02:21:53,849 - INFO - Processing 2023-06-15 to 2023-06-30...
2025-07-03 02:21:56,032 - INFO - Processing 2023-06-30 to 2023-07-15...
2025-07-03 02:22:00,313 - INFO - Processing 2023-07-15 to 2023-07-30...
2025-07-03 02:22:01,591 - WARNING - No valid images found for period 2023-07-15 to 2023-07-30
2025-07-03 02:22:01,591 - INFO - Processing 2023-07-30 to 2023-08-14...
2025-07-03 02:22:02,524 - WARNING - No valid images found for period 2023-07-30 to 2023-08-14
2025-07-03 02:22:02,525 - INFO - Processing 2023-08-14 to 2023-08-29...
2025-07-03 02:22:03,901 - INFO - Processing 2023-08-29 to 2023-09-13...
2025-07-03 02:22:05,349 - INFO - Processing 2023-09-13 to 2023-09-28...
2025-07-03 02:22:07,295 - INFO - Processing 2023-09-28 to 2023-09-30...
2025-07-03 02:22:09,194 - INFO - Filling temporal gaps...
2025-07-03 02:22:09,230 - WARNING - Quality issue detected: Missing values detected in the data
2025-07-03 02:22:09,230 - WARNING - Quality issue detected: Large temporal gaps detected (>30 days)
2025-07-03 02:22:09,767 - INFO - Analysis complete. Results saved to output
2025-07-03 02:22:09,767 - INFO - 
Analysis Summary:
2025-07-03 02:22:09,774 - INFO - 
                                date    SAVI_max   SAVI_mean    SAVI_min  SAVI_stdDev  cloud_cover
count                            101  101.000000  101.000000  101.000000   101.000000    18.000000
mean   2023-07-10 06:10:41.584158464    1.220439    0.745386    0.256315     0.331107     9.070270
min              2023-04-06 00:00:00    1.135581    0.243595    0.187523     0.266045     0.001929
25%              2023-06-04 00:00:00    1.169466    0.743698    0.226037     0.312695     0.613511
50%              2023-06-29 00:00:00    1.197118    0.775926    0.250032     0.330170     4.288186
75%              2023-09-03 00:00:00    1.271666    0.870502    0.273251     0.352006    16.530615
max              2023-09-28 00:00:00    1.334828    0.929192    0.361926     0.378182    28.123298
std                              NaN    0.057990    0.164724    0.041206     0.025740     9.751727
2025-07-03 02:25:06,571 - INFO - Loading field geometry...
2025-07-03 02:25:06,573 - INFO - Processing data in chunks...
2025-07-03 02:25:06,573 - INFO - Processing 2023-04-01 to 2023-04-16...
2025-07-03 02:25:08,159 - INFO - Processing 2023-04-16 to 2023-05-01...
2025-07-03 02:25:10,078 - INFO - Processing 2023-05-01 to 2023-05-16...
2025-07-03 02:25:11,122 - WARNING - No valid images found for period 2023-05-01 to 2023-05-16
2025-07-03 02:25:11,122 - INFO - Processing 2023-05-16 to 2023-05-31...
2025-07-03 02:25:13,179 - INFO - Processing 2023-05-31 to 2023-06-15...
2025-07-03 02:25:15,196 - INFO - Processing 2023-06-15 to 2023-06-30...
2025-07-03 02:25:17,163 - INFO - Processing 2023-06-30 to 2023-07-15...
2025-07-03 02:25:18,652 - INFO - Processing 2023-07-15 to 2023-07-30...
2025-07-03 02:25:19,636 - WARNING - No valid images found for period 2023-07-15 to 2023-07-30
2025-07-03 02:25:19,636 - INFO - Processing 2023-07-30 to 2023-08-14...
2025-07-03 02:25:20,951 - WARNING - No valid images found for period 2023-07-30 to 2023-08-14
2025-07-03 02:25:20,952 - INFO - Processing 2023-08-14 to 2023-08-29...
2025-07-03 02:25:22,552 - INFO - Processing 2023-08-29 to 2023-09-13...
2025-07-03 02:25:24,418 - INFO - Processing 2023-09-13 to 2023-09-28...
2025-07-03 02:25:26,381 - INFO - Processing 2023-09-28 to 2023-09-30...
2025-07-03 02:25:27,865 - INFO - Filling temporal gaps...
2025-07-03 02:25:27,891 - WARNING - Quality issue detected: Missing values detected in the data
2025-07-03 02:25:27,891 - WARNING - Quality issue detected: Large temporal gaps detected (>30 days)
2025-07-03 02:25:28,990 - INFO - Analysis complete. Results saved to output
2025-07-03 02:25:28,990 - INFO - 
Analysis Summary:
2025-07-03 02:25:28,997 - INFO - 
                                date    SAVI_max   SAVI_mean    SAVI_min  SAVI_stdDev  cloud_cover
count                            101  101.000000  101.000000  101.000000   101.000000    18.000000
mean   2023-07-10 06:10:41.584158464    1.220439    0.745386    0.256315     0.331107     9.070270
min              2023-04-06 00:00:00    1.135581    0.243595    0.187523     0.266045     0.001929
25%              2023-06-04 00:00:00    1.169466    0.743698    0.226037     0.312695     0.613511
50%              2023-06-29 00:00:00    1.197118    0.775926    0.250032     0.330170     4.288186
75%              2023-09-03 00:00:00    1.271666    0.870502    0.273251     0.352006    16.530615
max              2023-09-28 00:00:00    1.334828    0.929192    0.361926     0.378182    28.123298
std                              NaN    0.057990    0.164724    0.041206     0.025740     9.751727
2025-07-03 02:26:28,467 - INFO - Loading field geometry...
2025-07-03 02:26:28,469 - INFO - Processing data in chunks...
2025-07-03 02:26:28,469 - INFO - Processing 2023-04-01 to 2023-04-16...
2025-07-03 02:26:30,047 - INFO - Processing 2023-04-16 to 2023-05-01...
2025-07-03 02:26:31,941 - INFO - Processing 2023-05-01 to 2023-05-16...
2025-07-03 02:26:32,890 - WARNING - No valid images found for period 2023-05-01 to 2023-05-16
2025-07-03 02:26:32,891 - INFO - Processing 2023-05-16 to 2023-05-31...
2025-07-03 02:26:34,967 - INFO - Processing 2023-05-31 to 2023-06-15...
2025-07-03 02:26:36,245 - INFO - Processing 2023-06-15 to 2023-06-30...
2025-07-03 02:26:38,343 - INFO - Processing 2023-06-30 to 2023-07-15...
2025-07-03 02:26:41,266 - INFO - Processing 2023-07-15 to 2023-07-30...
2025-07-03 02:26:41,536 - WARNING - No valid images found for period 2023-07-15 to 2023-07-30
2025-07-03 02:26:41,537 - INFO - Processing 2023-07-30 to 2023-08-14...
2025-07-03 02:26:42,473 - WARNING - No valid images found for period 2023-07-30 to 2023-08-14
2025-07-03 02:26:42,474 - INFO - Processing 2023-08-14 to 2023-08-29...
2025-07-03 02:26:43,341 - INFO - Processing 2023-08-29 to 2023-09-13...
2025-07-03 02:26:45,375 - INFO - Processing 2023-09-13 to 2023-09-28...
2025-07-03 02:26:46,236 - INFO - Processing 2023-09-28 to 2023-09-30...
2025-07-03 02:26:47,212 - INFO - Filling temporal gaps...
2025-07-03 02:26:47,252 - WARNING - Quality issue detected: Missing values detected in the data
2025-07-03 02:26:47,252 - WARNING - Quality issue detected: Large temporal gaps detected (>30 days)
2025-07-03 02:26:47,792 - INFO - Analysis complete. Results saved to output
2025-07-03 02:26:47,792 - INFO - 
Analysis Summary:
2025-07-03 02:26:47,799 - INFO - 
                                date    SAVI_max   SAVI_mean    SAVI_min  SAVI_stdDev  cloud_cover
count                            101  101.000000  101.000000  101.000000   101.000000    18.000000
mean   2023-07-10 06:10:41.584158464    1.220439    0.745386    0.256315     0.331107     9.070270
min              2023-04-06 00:00:00    1.135581    0.243595    0.187523     0.266045     0.001929
25%              2023-06-04 00:00:00    1.169466    0.743698    0.226037     0.312695     0.613511
50%              2023-06-29 00:00:00    1.197118    0.775926    0.250032     0.330170     4.288186
75%              2023-09-03 00:00:00    1.271666    0.870502    0.273251     0.352006    16.530615
max              2023-09-28 00:00:00    1.334828    0.929192    0.361926     0.378182    28.123298
std                              NaN    0.057990    0.164724    0.041206     0.025740     9.751727
2025-07-04 01:19:51,868 - INFO - Loading field geometry...
2025-07-04 01:19:51,869 - INFO - Processing data in chunks...
2025-07-04 01:19:51,869 - INFO - Processing 2023-04-01 to 2023-04-16...
2025-07-04 01:19:53,933 - INFO - Processing 2023-04-16 to 2023-05-01...
2025-07-04 01:19:56,384 - INFO - Processing 2023-05-01 to 2023-05-16...
2025-07-04 01:19:57,340 - WARNING - No valid images found for period 2023-05-01 to 2023-05-16
2025-07-04 01:19:57,341 - INFO - Processing 2023-05-16 to 2023-05-31...
2025-07-04 01:19:58,889 - INFO - Processing 2023-05-31 to 2023-06-15...
2025-07-04 01:20:01,212 - INFO - Processing 2023-06-15 to 2023-06-30...
2025-07-04 01:20:02,795 - INFO - Processing 2023-06-30 to 2023-07-15...
2025-07-04 01:20:03,836 - INFO - Processing 2023-07-15 to 2023-07-30...
2025-07-04 01:20:04,754 - WARNING - No valid images found for period 2023-07-15 to 2023-07-30
2025-07-04 01:20:04,755 - INFO - Processing 2023-07-30 to 2023-08-14...
2025-07-04 01:20:05,172 - WARNING - No valid images found for period 2023-07-30 to 2023-08-14
2025-07-04 01:20:05,172 - INFO - Processing 2023-08-14 to 2023-08-29...
2025-07-04 01:20:06,168 - INFO - Processing 2023-08-29 to 2023-09-13...
2025-07-04 01:20:08,546 - INFO - Processing 2023-09-13 to 2023-09-28...
2025-07-04 01:20:10,664 - INFO - Processing 2023-09-28 to 2023-09-30...
2025-07-04 01:20:12,676 - INFO - Filling temporal gaps...
2025-07-04 01:20:12,695 - WARNING - Quality issue detected: Missing values detected in the data
2025-07-04 01:20:12,695 - WARNING - Quality issue detected: Large temporal gaps detected (>30 days)
2025-07-04 01:20:13,793 - INFO - Analysis complete. Results saved to output
2025-07-04 01:20:13,793 - INFO - 
Analysis Summary:
2025-07-04 01:20:13,799 - INFO - 
                                date    SAVI_max   SAVI_mean    SAVI_min  SAVI_stdDev  cloud_cover
count                            101  101.000000  101.000000  101.000000   101.000000    18.000000
mean   2023-07-10 06:10:41.584158464    0.563573    0.328596    0.107156     0.165441     9.070270
min              2023-04-06 00:00:00    0.502105    0.101782    0.084713     0.146927     0.001929
25%              2023-06-04 00:00:00    0.534709    0.315718    0.092250     0.156325     0.613511
50%              2023-06-29 00:00:00    0.566853    0.351857    0.105270     0.163774     4.288186
75%              2023-09-03 00:00:00    0.587775    0.374813    0.120139     0.173306    16.530615
max              2023-09-28 00:00:00    0.628709    0.427271    0.152411     0.184815    28.123298
std                              NaN    0.032678    0.078642    0.015641     0.009737     9.751727
