2025-07-03 17:33:05,248 - WARNING - No valid images found for period 2023-06-30 to 2023-07-15
2025-07-03 17:33:06,820 - WARNING - No valid images found for period 2023-07-30 to 2023-08-14
2025-07-03 17:33:11,722 - WARNING - No valid images found for period 2023-09-28 to 2023-09-30
2025-07-03 17:33:12,517 - INFO - Analysis completed successfully
2025-07-03 17:36:27,951 - INFO - Loading field geometry...
2025-07-03 17:36:27,954 - INFO - Processing data in chunks...
2025-07-03 17:36:27,954 - INFO - Processing 2023-04-01 to 2023-04-16...
2025-07-03 17:36:29,545 - INFO - Processing 2023-04-16 to 2023-05-01...
2025-07-03 17:36:30,545 - INFO - Processing 2023-05-01 to 2023-05-16...
2025-07-03 17:36:31,470 - INFO - Processing 2023-05-16 to 2023-05-31...
2025-07-03 17:36:32,570 - INFO - Processing 2023-05-31 to 2023-06-15...
2025-07-03 17:36:33,996 - INFO - Processing 2023-06-15 to 2023-06-30...
2025-07-03 17:36:37,937 - INFO - Processing 2023-06-30 to 2023-07-15...
2025-07-03 17:36:38,310 - WARNING - No valid images found for period 2023-06-30 to 2023-07-15
2025-07-03 17:36:38,310 - INFO - Processing 2023-07-15 to 2023-07-30...
2025-07-03 17:36:39,371 - INFO - Processing 2023-07-30 to 2023-08-14...
2025-07-03 17:36:39,780 - WARNING - No valid images found for period 2023-07-30 to 2023-08-14
2025-07-03 17:36:39,781 - INFO - Processing 2023-08-14 to 2023-08-29...
2025-07-03 17:36:40,716 - INFO - Processing 2023-08-29 to 2023-09-13...
2025-07-03 17:36:42,076 - INFO - Processing 2023-09-13 to 2023-09-28...
2025-07-03 17:36:43,498 - INFO - Processing 2023-09-28 to 2023-09-30...
2025-07-03 17:36:43,882 - WARNING - No valid images found for period 2023-09-28 to 2023-09-30
2025-07-03 17:36:43,887 - INFO - Filling temporal gaps...
2025-07-03 17:36:43,919 - WARNING - Quality issue detected: Missing values detected in the data
2025-07-03 17:36:44,493 - INFO - Analysis complete. Results saved to output
2025-07-03 17:36:44,493 - INFO - 
Analysis Summary:
2025-07-03 17:36:44,500 - INFO - 
                      date    NDRE_max   NDRE_mean    NDRE_min  NDRE_stdDev  cloud_cover
count                  174  174.000000  174.000000  174.000000   174.000000    20.000000
mean   2023-07-01 12:00:00    0.452208    0.386506    0.327324     0.033600    11.786842
min    2023-04-06 00:00:00    0.063582    0.059510   -0.022639    -0.020802     0.002064
25%    2023-05-19 06:00:00    0.151997    0.109740    0.077359     0.011130     0.759286
50%    2023-07-01 12:00:00    0.542391    0.334629    0.173467     0.023349    10.246562
75%    2023-08-13 18:00:00    0.741541    0.705533    0.607542     0.053186    23.512763
max    2023-09-26 00:00:00    0.809543    0.785500    0.753793     0.132705    29.448107
std                    NaN    0.280630    0.277577    0.271303     0.035705    11.257520
2025-07-04 01:28:13,415 - INFO - Loading field geometry...
2025-07-04 01:28:13,418 - INFO - Processing data in chunks...
2025-07-04 01:28:13,418 - INFO - Processing 2023-04-01 to 2023-04-16...
2025-07-04 01:28:14,869 - INFO - Processing 2023-04-16 to 2023-05-01...
2025-07-04 01:28:15,822 - INFO - Processing 2023-05-01 to 2023-05-16...
2025-07-04 01:28:17,755 - INFO - Processing 2023-05-16 to 2023-05-31...
2025-07-04 01:28:19,669 - INFO - Processing 2023-05-31 to 2023-06-15...
2025-07-04 01:28:22,363 - INFO - Processing 2023-06-15 to 2023-06-30...
2025-07-04 01:28:23,891 - INFO - Processing 2023-06-30 to 2023-07-15...
2025-07-04 01:28:24,308 - WARNING - No valid images found for period 2023-06-30 to 2023-07-15
2025-07-04 01:28:24,309 - INFO - Processing 2023-07-15 to 2023-07-30...
2025-07-04 01:28:26,507 - INFO - Processing 2023-07-30 to 2023-08-14...
2025-07-04 01:28:27,505 - WARNING - No valid images found for period 2023-07-30 to 2023-08-14
2025-07-04 01:28:27,505 - INFO - Processing 2023-08-14 to 2023-08-29...
2025-07-04 01:28:28,965 - INFO - Processing 2023-08-29 to 2023-09-13...
2025-07-04 01:28:30,958 - INFO - Processing 2023-09-13 to 2023-09-28...
2025-07-04 01:28:32,498 - INFO - Processing 2023-09-28 to 2023-09-30...
2025-07-04 01:28:33,447 - WARNING - No valid images found for period 2023-09-28 to 2023-09-30
2025-07-04 01:28:33,450 - INFO - Filling temporal gaps...
2025-07-04 01:28:33,473 - WARNING - Quality issue detected: Missing values detected in the data
2025-07-04 01:28:34,503 - INFO - Analysis complete. Results saved to output
2025-07-04 01:28:34,503 - INFO - 
Analysis Summary:
2025-07-04 01:28:34,508 - INFO - 
                      date    NDRE_max   NDRE_mean    NDRE_min  NDRE_stdDev  cloud_cover
count                  174  174.000000  174.000000  174.000000   174.000000    20.000000
mean   2023-07-01 12:00:00    0.452208    0.386506    0.327324     0.033600    11.786842
min    2023-04-06 00:00:00    0.063582    0.059510   -0.022639    -0.020802     0.002064
25%    2023-05-19 06:00:00    0.151997    0.109740    0.077359     0.011130     0.759286
50%    2023-07-01 12:00:00    0.542391    0.334629    0.173467     0.023349    10.246562
75%    2023-08-13 18:00:00    0.741541    0.705533    0.607542     0.053186    23.512763
max    2023-09-26 00:00:00    0.809543    0.785500    0.753793     0.132705    29.448107
std                    NaN    0.280630    0.277577    0.271303     0.035705    11.257520
